<?xml version="1.0" encoding="UTF-8"?>
<!-- Generated by org.testng.reporters.JUnitXMLReporter -->
<testsuite ignored="0" hostname="DESKTOP-JNL3PHP" failures="0" tests="2" name="Surefire test" time="0.306" errors="0" timestamp="2025-10-03T23:58:12 IST">
  <testcase classname="testBase.testBaseClass" name="@BeforeClass setUp" time="-1.759516092114E9">
    <failure type="org.testng.TestNGException" message="
Parameter &amp;apos;os&amp;apos; is required by BeforeClass on method setUp but has not been marked @Optional or defined
">
      <![CDATA[org.testng.TestNGException: 
Parameter 'os' is required by BeforeClass on method setUp but has not been marked @Optional or defined

at java.base/java.util.ArrayList.forEach(ArrayList.java:1604)
... Removed 27 stack frames]]>
    </failure>
  </testcase> <!-- @BeforeClass setUp -->
  <testcase classname="testBase.testBaseClass" name="@AfterClass tearDown" time="0.0">
    <skipped/>
  </testcase> <!-- @AfterClass tearDown -->
  <testcase classname="testBase.testBaseClass" name="@BeforeClass setUp" time="-1.759516092256E9">
    <failure type="org.testng.TestNGException" message="
Parameter &amp;apos;os&amp;apos; is required by BeforeClass on method setUp but has not been marked @Optional or defined
">
      <![CDATA[org.testng.TestNGException: 
Parameter 'os' is required by BeforeClass on method setUp but has not been marked @Optional or defined

at java.base/java.util.ArrayList.forEach(ArrayList.java:1604)
... Removed 27 stack frames]]>
    </failure>
  </testcase> <!-- @BeforeClass setUp -->
  <testcase classname="testBase.testBaseClass" name="@AfterClass tearDown" time="0.0">
    <skipped/>
  </testcase> <!-- @AfterClass tearDown -->
  <testcase classname="testCases.TC001_AccountRegistrationTest" name="verify_Account_registration" time="0.0">
    <skipped/>
  </testcase> <!-- verify_Account_registration -->
  <testcase classname="testCases.TC002_LoginTestCase" name="verify_login" time="0.0">
    <skipped/>
  </testcase> <!-- verify_login -->
</testsuite> <!-- Surefire test -->
