<?xml version="1.0" encoding="UTF-8"?>
<testsuite xmlns:xsi="http://www.w3.org/2001/XMLSchema-instance" xsi:noNamespaceSchemaLocation="https://maven.apache.org/surefire/maven-surefire-plugin/xsd/surefire-test-report.xsd" version="3.0.2" name="TestSuite" time="18.603" tests="1" errors="0" skipped="0" failures="0">
  <properties>
[...]
</properties>
  <testcase name="loginTestorHRM" classname="testCasesOrHRM.TC_001_login_orangeHRM" time="2.626">
    <system-out><![CDATA[2025-10-30T06:41:05.735868700Z main INFO Starting configuration XmlConfiguration[location=D:\mainProject\HybridFrameworkDemo\target\test-classes\log4j2.xml, lastModified=2025-10-01T23:53:01.798Z]...
2025-10-30T06:41:05.739867200Z main INFO Configuration XmlConfiguration[location=D:\mainProject\HybridFrameworkDemo\target\test-classes\log4j2.xml, lastModified=2025-10-01T23:53:01.798Z] started.
2025-10-30T06:41:05.745862800Z main INFO Stopping configuration org.apache.logging.log4j.core.config.DefaultConfiguration@635572a7...
2025-10-30T06:41:05.746861Z main INFO Configuration org.apache.logging.log4j.core.config.DefaultConfiguration@635572a7 stopped.
]]></system-out>
    <system-err><![CDATA[SLF4J(W): No SLF4J providers were found.
SLF4J(W): Defaulting to no-operation (NOP) logger implementation
SLF4J(W): See https://www.slf4j.org/codes.html#noProviders for further details.
SLF4J(W): Class path contains SLF4J bindings targeting slf4j-api versions 1.7.x or earlier.
SLF4J(W): Ignoring binding found at [jar:file:/C:/Users/Yogeeswar%20Achari/.m2/repository/org/apache/logging/log4j/log4j-slf4j-impl/2.24.3/log4j-slf4j-impl-2.24.3.jar!/org/slf4j/impl/StaticLoggerBinder.class]
SLF4J(W): See https://www.slf4j.org/codes.html#ignoredBindings for an explanation.
Oct 30, 2025 12:11:08 PM org.openqa.selenium.devtools.CdpVersionFinder findNearestMatch
WARNING: Unable to find an exact match for CDP version 141, returning the closest version; found: 140; Please update to a Selenium version that supports CDP version 141
]]></system-err>
  </testcase>
</testsuite>