<?xml version="1.0" encoding="UTF-8"?>
<testng-results ignored="0" total="1" passed="1" failed="0" skipped="0">
  <reporter-output>
  </reporter-output>
  <suite started-at="2025-10-31T23:09:27 IST" name="Suite" finished-at="2025-10-31T23:10:23 IST" duration-ms="56100">
    <groups>
      <group name="sanity">
        <method signature="TC_003_addEmployee.verify_addEmplyee(java.lang.String,java.lang.String,java.lang.String,java.lang.String,java.lang.String,java.lang.String,java.lang.String,java.lang.String)[pri:0, instance:testCasesOrHRM.TC_003_addEmployee@6069db50]" name="verify_addEmplyee" class="testCasesOrHRM.TC_003_addEmployee"/>
      </group> <!-- sanity -->
    </groups>
    <test started-at="2025-10-31T23:09:27 IST" name="OrHRM_test" finished-at="2025-10-31T23:10:23 IST" duration-ms="56100">
      <class name="testCasesOrHRM.TC_003_addEmployee">
        <test-method is-config="true" signature="setUp(java.lang.String,java.lang.String)[pri:0, instance:testCasesOrHRM.TC_003_addEmployee@6069db50]" started-at="2025-10-31T23:09:28 IST" name="setUp" finished-at="2025-10-31T23:09:44 IST" duration-ms="16174" status="PASS">
          <params>
            <param index="0">
              <value>
                <![CDATA[windows]]>
              </value>
            </param>
            <param index="1">
              <value>
                <![CDATA[chrome]]>
              </value>
            </param>
          </params>
          <reporter-output>
          </reporter-output>
        </test-method> <!-- setUp -->
        <test-method signature="verify_addEmplyee(java.lang.String,java.lang.String,java.lang.String,java.lang.String,java.lang.String,java.lang.String,java.lang.String,java.lang.String)[pri:0, instance:testCasesOrHRM.TC_003_addEmployee@6069db50]" started-at="2025-10-31T23:09:50 IST" name="verify_addEmplyee" data-provider="addEmpData" finished-at="2025-10-31T23:10:16 IST" duration-ms="26255" status="PASS">
          <params>
            <param index="0">
              <value>
                <![CDATA[NEW]]>
              </value>
            </param>
            <param index="1">
              <value>
                <![CDATA[ME]]>
              </value>
            </param>
            <param index="2">
              <value>
                <![CDATA[YES]]>
              </value>
            </param>
            <param index="3">
              <value>
                <![CDATA[2026-10-26]]>
              </value>
            </param>
            <param index="4">
              <value>
                <![CDATA[Single]]>
              </value>
            </param>
            <param index="5">
              <value>
                <![CDATA[2026-10-26]]>
              </value>
            </param>
            <param index="6">
              <value>
                <![CDATA[B+]]>
              </value>
            </param>
            <param index="7">
              <value>
                <![CDATA[Testing Data]]>
              </value>
            </param>
          </params>
          <reporter-output>
          </reporter-output>
        </test-method> <!-- verify_addEmplyee -->
        <test-method is-config="true" signature="tearDown()[pri:0, instance:testCasesOrHRM.TC_003_addEmployee@6069db50]" started-at="2025-10-31T23:10:17 IST" name="tearDown" finished-at="2025-10-31T23:10:23 IST" duration-ms="6408" status="PASS">
          <reporter-output>
          </reporter-output>
        </test-method> <!-- tearDown -->
      </class> <!-- testCasesOrHRM.TC_003_addEmployee -->
    </test> <!-- OrHRM_test -->
  </suite> <!-- Suite -->
</testng-results>
